0.029494
0.0589626
0.0883799
0.11772
0.146958
0.176068
0.205025
0.233804
0.262379
0.290725
0.318819
0.346636
0.374151
0.40134
0.42818
0.454647
0.480719
0.506373
0.531586
0.556336
0.580603
0.604364
0.627599
0.650288
0.672412
0.69395
0.714885
0.735198
0.754871
0.773887
0.79223
0.809883
0.826832
0.843061
0.858557
0.873305
0.887294
0.900511
0.912944
0.924583
0.935418
0.945438
0.954636
0.963004
0.970533
0.977218
0.983053
0.988032
0.992152
0.995408
0.997798
0.99932
0.999973
0.999755
0.998668
0.996711
0.993888
0.9902
0.98565
0.980242
0.973982
0.966874
0.958924
0.950141
0.940531
0.930102
0.918864
0.906827
0.894
0.880396
0.866026
0.850902
0.835037
0.818447
0.801144
0.783143
0.764462
0.745115
0.725121
0.704495
0.683256
0.661423
0.639014
0.616049
0.592548
0.568531
0.54402
0.519036
0.4936
0.467734
0.441462
0.414805
0.387788
0.360433
0.332764
0.304806
0.276583
0.248119
0.219439
0.190568
0.161531
0.132354
0.103061
0.0736794
0.0442337
0.014749
-0.0147485
-0.0442332
-0.0736794
-0.103061
-0.132354
-0.161531
-0.190568
-0.219438
-0.248118
-0.276582
-0.304806
-0.332764
-0.360432
-0.387788
-0.414805
-0.441462
-0.467734
-0.4936
-0.519036
-0.54402
-0.568531
-0.592548
-0.616049
-0.639014
-0.661423
-0.683256
-0.704494
-0.72512
-0.745115
-0.764462
-0.783143
-0.801144
-0.818447
-0.835037
-0.850901
-0.866025
-0.880396
-0.894
-0.906826
-0.918864
-0.930102
-0.94053
-0.950141
-0.958924
-0.966874
-0.973981
-0.980242
-0.98565
-0.9902
-0.993888
-0.996711
-0.998668
-0.999755
-0.999973
-0.99932
-0.997798
-0.995408
-0.992152
-0.988032
-0.983053
-0.977218
-0.970533
-0.963004
-0.954636
-0.945439
-0.935418
-0.924583
-0.912944
-0.900511
-0.887294
-0.873306
-0.858557
-0.843061
-0.826832
-0.809883
-0.79223
-0.773887
-0.754871
-0.735198
-0.714885
-0.693951
-0.672412
-0.650289
-0.627599
-0.604364
-0.580603
-0.556337
-0.531586
-0.506373
-0.480719
-0.454648
-0.42818
-0.40134
-0.374151
-0.346636
-0.31882
-0.290726
-0.262379
-0.233804
-0.205025
-0.176069
-0.146959
-0.117721
-0.0883802
-0.0589629
-0.0294943
-4.37114e-08
