-0.999565
-0.99826
-0.996087
-0.993047
-0.989143
-0.984378
-0.978757
-0.972284
-0.964965
-0.956807
-0.947816
-0.938
-0.927368
-0.915929
-0.903694
-0.890672
-0.876875
-0.862315
-0.847004
-0.830957
-0.814187
-0.796708
-0.778536
-0.759687
-0.740177
-0.720023
-0.699242
-0.677853
-0.655874
-0.633324
-0.610223
-0.586591
-0.56245
-0.537818
-0.512719
-0.487173
-0.461204
-0.434833
-0.408084
-0.38098
-0.353544
-0.325801
-0.297774
-0.269488
-0.240968
-0.212238
-0.183323
-0.154249
-0.125041
-0.0957239
-0.0663234
-0.0368652
-0.00737487
0.0221218
0.0515993
0.0810319
0.110394
0.13966
0.168804
0.197802
0.226627
0.255255
0.283662
0.311821
0.339709
0.367302
0.394574
0.421504
0.448066
0.474239
0.5
0.525325
0.550193
0.574583
0.598472
0.621841
0.644668
0.666936
0.688622
0.709709
0.730179
0.750013
0.769195
0.787708
0.805535
0.822662
0.839072
0.854752
0.869689
0.883869
0.89728
0.90991
0.921749
0.932785
0.94301
0.952415
0.96099
0.96873
0.975626
0.981674
0.986868
0.991203
0.994675
0.997282
0.999021
0.999891
0.999891
0.999021
0.997282
0.994675
0.991203
0.986868
0.981674
0.975626
0.96873
0.96099
0.952415
0.94301
0.932785
0.921749
0.90991
0.89728
0.883869
0.869689
0.854753
0.839072
0.822662
0.805535
0.787708
0.769195
0.750013
0.730179
0.709709
0.688622
0.666936
0.644669
0.621841
0.598472
0.574583
0.550193
0.525325
0.5
0.47424
0.448067
0.421504
0.394574
0.367302
0.339709
0.311821
0.283662
0.255256
0.226628
0.197802
0.168804
0.13966
0.110394
0.0810321
0.0515996
0.0221223
-0.00737437
-0.0368647
-0.0663229
-0.0957234
-0.125041
-0.154249
-0.183323
-0.212238
-0.240967
-0.269488
-0.297774
-0.325801
-0.353544
-0.38098
-0.408084
-0.434833
-0.461203
-0.487173
-0.512718
-0.537818
-0.562449
-0.586591
-0.610223
-0.633324
-0.655873
-0.677852
-0.699242
-0.720022
-0.740177
-0.759687
-0.778536
-0.796708
-0.814187
-0.830957
-0.847004
-0.862314
-0.876874
-0.890671
-0.903693
-0.915929
-0.927368
-0.938
-0.947815
-0.956806
-0.964965
-0.972284
-0.978757
-0.984378
-0.989143
-0.993047
-0.996087
-0.99826
-0.999565
-1
